[2025-07-23 19:08:02] REQUEST recibido: Array
(
    [action] => obtener_ejecutivos_con_citas
)

[2025-07-23 19:08:02] Query ejecutivos con citas: SELECT e.id_eje, e.nom_eje, e.tel_eje, e.eli_eje, e.id_padre, e.id_pla, e.ult_eje,
					         p.nom_pla as plantel_principal,
					         COUNT(DISTINCT c.id_cit) as citas_propias,
					         GROUP_CONCAT(DISTINCT CONCAT(pa.id_pla, ':', pa.nom_pla) SEPARATOR '|') as planteles_asociados,
					         COUNT(DISTINCT pe.id_pla) as total_planteles_asociados,
					         CASE 
					             WHEN e.ult_eje IS NULL THEN 'sin_sesion'
					             WHEN TIMESTAMPDIFF(DAY, e.ult_eje, NOW()) <= 1 THEN 'verde'
					             WHEN TIMESTAMPDIFF(DAY, e.ult_eje, NOW()) BETWEEN 2 AND 3 THEN 'amarillo'
					             WHEN TIMESTAMPDIFF(DAY, e.ult_eje, NOW()) >= 4 THEN 'rojo'
					             ELSE 'sin_sesion'
					         END as semaforo_sesion,
					         TIMESTAMPDIFF(DAY, e.ult_eje, NOW()) as dias_desde_ultima_sesion
					  FROM ejecutivo e 
					  LEFT JOIN plantel p ON e.id_pla = p.id_pla 
					  LEFT JOIN cita c ON e.id_eje = c.id_eje2 AND c.eli_cit = 1 
					  LEFT JOIN planteles_ejecutivo pe ON e.id_eje = pe.id_eje
					  LEFT JOIN plantel pa ON pe.id_pla = pa.id_pla
					  GROUP BY e.id_eje, e.nom_eje, e.tel_eje, e.eli_eje, e.id_padre, e.id_pla, e.ult_eje, p.nom_pla
					  ORDER BY e.eli_eje DESC, e.nom_eje ASC
[2025-07-23 19:08:02] Ejecutivo ID: 9 - Citas propias: 3 - Citas hijos: 0 - Total: 3
[2025-07-23 19:08:02] Ejecutivo ID: 11 - Citas propias: 7 - Citas hijos: 0 - Total: 7
[2025-07-23 19:08:02] Ejecutivo ID: 16 - Citas propias: 6 - Citas hijos: 7 - Total: 13
[2025-07-23 19:08:02] Ejecutivo ID: 11 - Citas propias: 7 - Citas hijos: 0 - Total: 7
[2025-07-23 19:08:02] Ejecutivo ID: 12 - Citas propias: 5 - Citas hijos: 0 - Total: 5
[2025-07-23 19:08:02] Ejecutivo ID: 6 - Citas propias: 2 - Citas hijos: 0 - Total: 2
[2025-07-23 19:08:02] Ejecutivo ID: 15 - Citas propias: 5 - Citas hijos: 2 - Total: 7
[2025-07-23 19:08:02] Ejecutivo ID: 18 - Citas propias: 5 - Citas hijos: 0 - Total: 5
[2025-07-23 19:08:02] Ejecutivo ID: 6 - Citas propias: 2 - Citas hijos: 0 - Total: 2
[2025-07-23 19:08:02] Ejecutivo ID: 4 - Citas propias: 4 - Citas hijos: 0 - Total: 4
[2025-07-23 19:08:02] Ejecutivo ID: 4 - Citas propias: 4 - Citas hijos: 0 - Total: 4
[2025-07-23 19:08:02] Ejecutivo ID: 10 - Citas propias: 3 - Citas hijos: 4 - Total: 7
[2025-07-23 19:08:03] Ejecutivo ID: 21 - Citas propias: 5 - Citas hijos: 0 - Total: 5
[2025-07-23 19:08:03] Ejecutivo ID: 2 - Citas propias: 6 - Citas hijos: 5 - Total: 11
[2025-07-23 19:08:03] Ejecutivo ID: 14 - Citas propias: 4 - Citas hijos: 0 - Total: 4
[2025-07-23 19:08:03] Ejecutivo ID: 21 - Citas propias: 5 - Citas hijos: 0 - Total: 5
[2025-07-23 19:08:03] Ejecutivo ID: 20 - Citas propias: 5 - Citas hijos: 0 - Total: 5
[2025-07-23 19:08:03] Ejecutivo ID: 13 - Citas propias: 4 - Citas hijos: 0 - Total: 4
[2025-07-23 19:08:03] Ejecutivo ID: 1 - Citas propias: 0 - Citas hijos: 0 - Total: 0
[2025-07-23 19:08:03] Ejecutivos con citas encontrados: 15
[2025-07-23 19:08:26] REQUEST recibido: Array
(
    [action] => actualizar_ejecutivo
    [nom_eje] => Francisco Pineda
    [tel_eje] => 11
    [id_padre] => 10
    [eli_eje] => 1
    [id_eje] => 4
)

[2025-07-23 19:08:27] REQUEST recibido: Array
(
    [action] => obtener_ejecutivos_con_citas
)

[2025-07-23 19:08:27] Query ejecutivos con citas: SELECT e.id_eje, e.nom_eje, e.tel_eje, e.eli_eje, e.id_padre, e.id_pla, e.ult_eje,
					         p.nom_pla as plantel_principal,
					         COUNT(DISTINCT c.id_cit) as citas_propias,
					         GROUP_CONCAT(DISTINCT CONCAT(pa.id_pla, ':', pa.nom_pla) SEPARATOR '|') as planteles_asociados,
					         COUNT(DISTINCT pe.id_pla) as total_planteles_asociados,
					         CASE 
					             WHEN e.ult_eje IS NULL THEN 'sin_sesion'
					             WHEN TIMESTAMPDIFF(DAY, e.ult_eje, NOW()) <= 1 THEN 'verde'
					             WHEN TIMESTAMPDIFF(DAY, e.ult_eje, NOW()) BETWEEN 2 AND 3 THEN 'amarillo'
					             WHEN TIMESTAMPDIFF(DAY, e.ult_eje, NOW()) >= 4 THEN 'rojo'
					             ELSE 'sin_sesion'
					         END as semaforo_sesion,
					         TIMESTAMPDIFF(DAY, e.ult_eje, NOW()) as dias_desde_ultima_sesion
					  FROM ejecutivo e 
					  LEFT JOIN plantel p ON e.id_pla = p.id_pla 
					  LEFT JOIN cita c ON e.id_eje = c.id_eje2 AND c.eli_cit = 1 
					  LEFT JOIN planteles_ejecutivo pe ON e.id_eje = pe.id_eje
					  LEFT JOIN plantel pa ON pe.id_pla = pa.id_pla
					  GROUP BY e.id_eje, e.nom_eje, e.tel_eje, e.eli_eje, e.id_padre, e.id_pla, e.ult_eje, p.nom_pla
					  ORDER BY e.eli_eje DESC, e.nom_eje ASC
[2025-07-23 19:08:27] Ejecutivo ID: 9 - Citas propias: 3 - Citas hijos: 0 - Total: 3
[2025-07-23 19:08:27] Ejecutivo ID: 11 - Citas propias: 7 - Citas hijos: 0 - Total: 7
[2025-07-23 19:08:27] Ejecutivo ID: 16 - Citas propias: 6 - Citas hijos: 7 - Total: 13
[2025-07-23 19:08:27] Ejecutivo ID: 11 - Citas propias: 7 - Citas hijos: 0 - Total: 7
[2025-07-23 19:08:27] Ejecutivo ID: 12 - Citas propias: 5 - Citas hijos: 0 - Total: 5
[2025-07-23 19:08:27] Ejecutivo ID: 6 - Citas propias: 2 - Citas hijos: 0 - Total: 2
[2025-07-23 19:08:27] Ejecutivo ID: 15 - Citas propias: 5 - Citas hijos: 2 - Total: 7
[2025-07-23 19:08:27] Ejecutivo ID: 18 - Citas propias: 5 - Citas hijos: 0 - Total: 5
[2025-07-23 19:08:27] Ejecutivo ID: 6 - Citas propias: 2 - Citas hijos: 0 - Total: 2
[2025-07-23 19:08:27] Ejecutivo ID: 4 - Citas propias: 4 - Citas hijos: 0 - Total: 4
[2025-07-23 19:08:27] Ejecutivo ID: 4 - Citas propias: 4 - Citas hijos: 0 - Total: 4
[2025-07-23 19:08:27] Ejecutivo ID: 10 - Citas propias: 3 - Citas hijos: 4 - Total: 7
[2025-07-23 19:08:27] Ejecutivo ID: 21 - Citas propias: 5 - Citas hijos: 0 - Total: 5
[2025-07-23 19:08:27] Ejecutivo ID: 2 - Citas propias: 6 - Citas hijos: 5 - Total: 11
[2025-07-23 19:08:27] Ejecutivo ID: 14 - Citas propias: 4 - Citas hijos: 0 - Total: 4
[2025-07-23 19:08:27] Ejecutivo ID: 21 - Citas propias: 5 - Citas hijos: 0 - Total: 5
[2025-07-23 19:08:27] Ejecutivo ID: 20 - Citas propias: 5 - Citas hijos: 0 - Total: 5
[2025-07-23 19:08:27] Ejecutivo ID: 13 - Citas propias: 4 - Citas hijos: 0 - Total: 4
[2025-07-23 19:08:27] Ejecutivo ID: 1 - Citas propias: 0 - Citas hijos: 0 - Total: 0
[2025-07-23 19:08:27] Ejecutivos con citas encontrados: 15
[2025-07-23 19:08:30] REQUEST recibido: Array
(
    [action] => obtener_ejecutivos_con_citas
)

[2025-07-23 19:08:30] Query ejecutivos con citas: SELECT e.id_eje, e.nom_eje, e.tel_eje, e.eli_eje, e.id_padre, e.id_pla, e.ult_eje,
					         p.nom_pla as plantel_principal,
					         COUNT(DISTINCT c.id_cit) as citas_propias,
					         GROUP_CONCAT(DISTINCT CONCAT(pa.id_pla, ':', pa.nom_pla) SEPARATOR '|') as planteles_asociados,
					         COUNT(DISTINCT pe.id_pla) as total_planteles_asociados,
					         CASE 
					             WHEN e.ult_eje IS NULL THEN 'sin_sesion'
					             WHEN TIMESTAMPDIFF(DAY, e.ult_eje, NOW()) <= 1 THEN 'verde'
					             WHEN TIMESTAMPDIFF(DAY, e.ult_eje, NOW()) BETWEEN 2 AND 3 THEN 'amarillo'
					             WHEN TIMESTAMPDIFF(DAY, e.ult_eje, NOW()) >= 4 THEN 'rojo'
					             ELSE 'sin_sesion'
					         END as semaforo_sesion,
					         TIMESTAMPDIFF(DAY, e.ult_eje, NOW()) as dias_desde_ultima_sesion
					  FROM ejecutivo e 
					  LEFT JOIN plantel p ON e.id_pla = p.id_pla 
					  LEFT JOIN cita c ON e.id_eje = c.id_eje2 AND c.eli_cit = 1 
					  LEFT JOIN planteles_ejecutivo pe ON e.id_eje = pe.id_eje
					  LEFT JOIN plantel pa ON pe.id_pla = pa.id_pla
					  GROUP BY e.id_eje, e.nom_eje, e.tel_eje, e.eli_eje, e.id_padre, e.id_pla, e.ult_eje, p.nom_pla
					  ORDER BY e.eli_eje DESC, e.nom_eje ASC
[2025-07-23 19:08:30] Ejecutivo ID: 9 - Citas propias: 3 - Citas hijos: 0 - Total: 3
[2025-07-23 19:08:30] Ejecutivo ID: 11 - Citas propias: 7 - Citas hijos: 0 - Total: 7
[2025-07-23 19:08:30] Ejecutivo ID: 16 - Citas propias: 6 - Citas hijos: 7 - Total: 13
[2025-07-23 19:08:30] Ejecutivo ID: 11 - Citas propias: 7 - Citas hijos: 0 - Total: 7
[2025-07-23 19:08:30] Ejecutivo ID: 12 - Citas propias: 5 - Citas hijos: 0 - Total: 5
[2025-07-23 19:08:30] Ejecutivo ID: 6 - Citas propias: 2 - Citas hijos: 0 - Total: 2
[2025-07-23 19:08:30] Ejecutivo ID: 15 - Citas propias: 5 - Citas hijos: 2 - Total: 7
[2025-07-23 19:08:30] Ejecutivo ID: 18 - Citas propias: 5 - Citas hijos: 0 - Total: 5
[2025-07-23 19:08:30] Ejecutivo ID: 6 - Citas propias: 2 - Citas hijos: 0 - Total: 2
[2025-07-23 19:08:30] Ejecutivo ID: 4 - Citas propias: 4 - Citas hijos: 0 - Total: 4
[2025-07-23 19:08:30] Ejecutivo ID: 4 - Citas propias: 4 - Citas hijos: 0 - Total: 4
[2025-07-23 19:08:30] Ejecutivo ID: 10 - Citas propias: 3 - Citas hijos: 4 - Total: 7
[2025-07-23 19:08:30] Ejecutivo ID: 21 - Citas propias: 5 - Citas hijos: 0 - Total: 5
[2025-07-23 19:08:30] Ejecutivo ID: 2 - Citas propias: 6 - Citas hijos: 5 - Total: 11
[2025-07-23 19:08:30] Ejecutivo ID: 14 - Citas propias: 4 - Citas hijos: 0 - Total: 4
[2025-07-23 19:08:30] Ejecutivo ID: 21 - Citas propias: 5 - Citas hijos: 0 - Total: 5
[2025-07-23 19:08:30] Ejecutivo ID: 20 - Citas propias: 5 - Citas hijos: 0 - Total: 5
[2025-07-23 19:08:30] Ejecutivo ID: 13 - Citas propias: 4 - Citas hijos: 0 - Total: 4
[2025-07-23 19:08:30] Ejecutivo ID: 1 - Citas propias: 0 - Citas hijos: 0 - Total: 0
[2025-07-23 19:08:30] Ejecutivos con citas encontrados: 15
[2025-07-23 19:12:35] REQUEST recibido: Array
(
    [action] => actualizar_ejecutivo
    [nom_eje] => Diego Herrera Luna
    [tel_eje] => 555-3001
    [id_padre] => null
    [eli_eje] => 1
    [id_eje] => 12
)

[2025-07-23 19:13:01] REQUEST recibido: Array
(
    [action] => obtener_ejecutivos_con_citas
)

[2025-07-23 19:13:01] Query ejecutivos con citas: SELECT e.id_eje, e.nom_eje, e.tel_eje, e.eli_eje, e.id_padre, e.id_pla, e.ult_eje,
					         p.nom_pla as plantel_principal,
					         COUNT(DISTINCT c.id_cit) as citas_propias,
					         GROUP_CONCAT(DISTINCT CONCAT(pa.id_pla, ':', pa.nom_pla) SEPARATOR '|') as planteles_asociados,
					         COUNT(DISTINCT pe.id_pla) as total_planteles_asociados,
					         CASE 
					             WHEN e.ult_eje IS NULL THEN 'sin_sesion'
					             WHEN TIMESTAMPDIFF(DAY, e.ult_eje, NOW()) <= 1 THEN 'verde'
					             WHEN TIMESTAMPDIFF(DAY, e.ult_eje, NOW()) BETWEEN 2 AND 3 THEN 'amarillo'
					             WHEN TIMESTAMPDIFF(DAY, e.ult_eje, NOW()) >= 4 THEN 'rojo'
					             ELSE 'sin_sesion'
					         END as semaforo_sesion,
					         TIMESTAMPDIFF(DAY, e.ult_eje, NOW()) as dias_desde_ultima_sesion
					  FROM ejecutivo e 
					  LEFT JOIN plantel p ON e.id_pla = p.id_pla 
					  LEFT JOIN cita c ON e.id_eje = c.id_eje2 AND c.eli_cit = 1 
					  LEFT JOIN planteles_ejecutivo pe ON e.id_eje = pe.id_eje
					  LEFT JOIN plantel pa ON pe.id_pla = pa.id_pla
					  GROUP BY e.id_eje, e.nom_eje, e.tel_eje, e.eli_eje, e.id_padre, e.id_pla, e.ult_eje, p.nom_pla
					  ORDER BY e.eli_eje DESC, e.nom_eje ASC
[2025-07-23 19:13:01] Ejecutivo ID: 9 - Citas propias: 3 - Citas hijos: 0 - Total: 3
[2025-07-23 19:13:01] Ejecutivo ID: 11 - Citas propias: 7 - Citas hijos: 0 - Total: 7
[2025-07-23 19:13:01] Ejecutivo ID: 16 - Citas propias: 6 - Citas hijos: 7 - Total: 13
[2025-07-23 19:13:01] Ejecutivo ID: 11 - Citas propias: 7 - Citas hijos: 0 - Total: 7
[2025-07-23 19:13:01] Ejecutivo ID: 12 - Citas propias: 5 - Citas hijos: 0 - Total: 5
[2025-07-23 19:13:01] Ejecutivo ID: 6 - Citas propias: 2 - Citas hijos: 0 - Total: 2
[2025-07-23 19:13:01] Ejecutivo ID: 15 - Citas propias: 5 - Citas hijos: 2 - Total: 7
[2025-07-23 19:13:01] Ejecutivo ID: 18 - Citas propias: 5 - Citas hijos: 0 - Total: 5
[2025-07-23 19:13:01] Ejecutivo ID: 6 - Citas propias: 2 - Citas hijos: 0 - Total: 2
[2025-07-23 19:13:01] Ejecutivo ID: 4 - Citas propias: 4 - Citas hijos: 0 - Total: 4
[2025-07-23 19:13:01] Ejecutivo ID: 4 - Citas propias: 4 - Citas hijos: 0 - Total: 4
[2025-07-23 19:13:01] Ejecutivo ID: 10 - Citas propias: 3 - Citas hijos: 4 - Total: 7
[2025-07-23 19:13:01] Ejecutivo ID: 21 - Citas propias: 5 - Citas hijos: 0 - Total: 5
[2025-07-23 19:13:01] Ejecutivo ID: 2 - Citas propias: 6 - Citas hijos: 5 - Total: 11
[2025-07-23 19:13:01] Ejecutivo ID: 14 - Citas propias: 4 - Citas hijos: 0 - Total: 4
[2025-07-23 19:13:01] Ejecutivo ID: 21 - Citas propias: 5 - Citas hijos: 0 - Total: 5
[2025-07-23 19:13:01] Ejecutivo ID: 20 - Citas propias: 5 - Citas hijos: 0 - Total: 5
[2025-07-23 19:13:01] Ejecutivo ID: 13 - Citas propias: 4 - Citas hijos: 0 - Total: 4
[2025-07-23 19:13:01] Ejecutivo ID: 1 - Citas propias: 0 - Citas hijos: 0 - Total: 0
[2025-07-23 19:13:01] Ejecutivos con citas encontrados: 15
[2025-07-23 19:13:09] REQUEST recibido: Array
(
    [action] => actualizar_ejecutivo
    [nom_eje] => María Fernanda López
    [tel_eje] => 555-0456
    [id_padre] => null
    [eli_eje] => 1
    [id_eje] => 2
)

[2025-07-23 19:13:28] REQUEST recibido: Array
(
    [action] => obtener_ejecutivos_con_citas
)

[2025-07-23 19:13:28] Query ejecutivos con citas: SELECT e.id_eje, e.nom_eje, e.tel_eje, e.eli_eje, e.id_padre, e.id_pla, e.ult_eje,
					         p.nom_pla as plantel_principal,
					         COUNT(DISTINCT c.id_cit) as citas_propias,
					         GROUP_CONCAT(DISTINCT CONCAT(pa.id_pla, ':', pa.nom_pla) SEPARATOR '|') as planteles_asociados,
					         COUNT(DISTINCT pe.id_pla) as total_planteles_asociados,
					         CASE 
					             WHEN e.ult_eje IS NULL THEN 'sin_sesion'
					             WHEN TIMESTAMPDIFF(DAY, e.ult_eje, NOW()) <= 1 THEN 'verde'
					             WHEN TIMESTAMPDIFF(DAY, e.ult_eje, NOW()) BETWEEN 2 AND 3 THEN 'amarillo'
					             WHEN TIMESTAMPDIFF(DAY, e.ult_eje, NOW()) >= 4 THEN 'rojo'
					             ELSE 'sin_sesion'
					         END as semaforo_sesion,
					         TIMESTAMPDIFF(DAY, e.ult_eje, NOW()) as dias_desde_ultima_sesion
					  FROM ejecutivo e 
					  LEFT JOIN plantel p ON e.id_pla = p.id_pla 
					  LEFT JOIN cita c ON e.id_eje = c.id_eje2 AND c.eli_cit = 1 
					  LEFT JOIN planteles_ejecutivo pe ON e.id_eje = pe.id_eje
					  LEFT JOIN plantel pa ON pe.id_pla = pa.id_pla
					  GROUP BY e.id_eje, e.nom_eje, e.tel_eje, e.eli_eje, e.id_padre, e.id_pla, e.ult_eje, p.nom_pla
					  ORDER BY e.eli_eje DESC, e.nom_eje ASC
[2025-07-23 19:13:28] Ejecutivo ID: 9 - Citas propias: 3 - Citas hijos: 0 - Total: 3
[2025-07-23 19:13:28] Ejecutivo ID: 11 - Citas propias: 7 - Citas hijos: 0 - Total: 7
[2025-07-23 19:13:28] Ejecutivo ID: 16 - Citas propias: 6 - Citas hijos: 7 - Total: 13
[2025-07-23 19:13:28] Ejecutivo ID: 11 - Citas propias: 7 - Citas hijos: 0 - Total: 7
[2025-07-23 19:13:28] Ejecutivo ID: 12 - Citas propias: 5 - Citas hijos: 0 - Total: 5
[2025-07-23 19:13:28] Ejecutivo ID: 6 - Citas propias: 2 - Citas hijos: 0 - Total: 2
[2025-07-23 19:13:28] Ejecutivo ID: 15 - Citas propias: 5 - Citas hijos: 2 - Total: 7
[2025-07-23 19:13:28] Ejecutivo ID: 18 - Citas propias: 5 - Citas hijos: 0 - Total: 5
[2025-07-23 19:13:28] Ejecutivo ID: 6 - Citas propias: 2 - Citas hijos: 0 - Total: 2
[2025-07-23 19:13:28] Ejecutivo ID: 4 - Citas propias: 4 - Citas hijos: 0 - Total: 4
[2025-07-23 19:13:28] Ejecutivo ID: 4 - Citas propias: 4 - Citas hijos: 0 - Total: 4
[2025-07-23 19:13:28] Ejecutivo ID: 10 - Citas propias: 3 - Citas hijos: 4 - Total: 7
[2025-07-23 19:13:28] Ejecutivo ID: 21 - Citas propias: 5 - Citas hijos: 0 - Total: 5
[2025-07-23 19:13:28] Ejecutivo ID: 2 - Citas propias: 6 - Citas hijos: 5 - Total: 11
[2025-07-23 19:13:28] Ejecutivo ID: 14 - Citas propias: 4 - Citas hijos: 0 - Total: 4
[2025-07-23 19:13:28] Ejecutivo ID: 21 - Citas propias: 5 - Citas hijos: 0 - Total: 5
[2025-07-23 19:13:28] Ejecutivo ID: 20 - Citas propias: 5 - Citas hijos: 0 - Total: 5
[2025-07-23 19:13:28] Ejecutivo ID: 13 - Citas propias: 4 - Citas hijos: 0 - Total: 4
[2025-07-23 19:13:28] Ejecutivo ID: 1 - Citas propias: 0 - Citas hijos: 0 - Total: 0
[2025-07-23 19:13:28] Ejecutivos con citas encontrados: 15
[2025-07-23 19:13:31] REQUEST recibido: Array
(
    [action] => obtener_ejecutivos_con_citas
)

[2025-07-23 19:13:31] Query ejecutivos con citas: SELECT e.id_eje, e.nom_eje, e.tel_eje, e.eli_eje, e.id_padre, e.id_pla, e.ult_eje,
					         p.nom_pla as plantel_principal,
					         COUNT(DISTINCT c.id_cit) as citas_propias,
					         GROUP_CONCAT(DISTINCT CONCAT(pa.id_pla, ':', pa.nom_pla) SEPARATOR '|') as planteles_asociados,
					         COUNT(DISTINCT pe.id_pla) as total_planteles_asociados,
					         CASE 
					             WHEN e.ult_eje IS NULL THEN 'sin_sesion'
					             WHEN TIMESTAMPDIFF(DAY, e.ult_eje, NOW()) <= 1 THEN 'verde'
					             WHEN TIMESTAMPDIFF(DAY, e.ult_eje, NOW()) BETWEEN 2 AND 3 THEN 'amarillo'
					             WHEN TIMESTAMPDIFF(DAY, e.ult_eje, NOW()) >= 4 THEN 'rojo'
					             ELSE 'sin_sesion'
					         END as semaforo_sesion,
					         TIMESTAMPDIFF(DAY, e.ult_eje, NOW()) as dias_desde_ultima_sesion
					  FROM ejecutivo e 
					  LEFT JOIN plantel p ON e.id_pla = p.id_pla 
					  LEFT JOIN cita c ON e.id_eje = c.id_eje2 AND c.eli_cit = 1 
					  LEFT JOIN planteles_ejecutivo pe ON e.id_eje = pe.id_eje
					  LEFT JOIN plantel pa ON pe.id_pla = pa.id_pla
					  GROUP BY e.id_eje, e.nom_eje, e.tel_eje, e.eli_eje, e.id_padre, e.id_pla, e.ult_eje, p.nom_pla
					  ORDER BY e.eli_eje DESC, e.nom_eje ASC
[2025-07-23 19:13:31] Ejecutivo ID: 9 - Citas propias: 3 - Citas hijos: 0 - Total: 3
[2025-07-23 19:13:31] Ejecutivo ID: 11 - Citas propias: 7 - Citas hijos: 0 - Total: 7
[2025-07-23 19:13:31] Ejecutivo ID: 16 - Citas propias: 6 - Citas hijos: 7 - Total: 13
[2025-07-23 19:13:31] Ejecutivo ID: 11 - Citas propias: 7 - Citas hijos: 0 - Total: 7
[2025-07-23 19:13:31] Ejecutivo ID: 12 - Citas propias: 5 - Citas hijos: 0 - Total: 5
[2025-07-23 19:13:31] Ejecutivo ID: 6 - Citas propias: 2 - Citas hijos: 0 - Total: 2
[2025-07-23 19:13:31] Ejecutivo ID: 15 - Citas propias: 5 - Citas hijos: 2 - Total: 7
[2025-07-23 19:13:31] Ejecutivo ID: 18 - Citas propias: 5 - Citas hijos: 0 - Total: 5
[2025-07-23 19:13:31] Ejecutivo ID: 6 - Citas propias: 2 - Citas hijos: 0 - Total: 2
[2025-07-23 19:13:31] Ejecutivo ID: 4 - Citas propias: 4 - Citas hijos: 0 - Total: 4
[2025-07-23 19:13:31] Ejecutivo ID: 4 - Citas propias: 4 - Citas hijos: 0 - Total: 4
[2025-07-23 19:13:31] Ejecutivo ID: 10 - Citas propias: 3 - Citas hijos: 4 - Total: 7
[2025-07-23 19:13:31] Ejecutivo ID: 21 - Citas propias: 5 - Citas hijos: 0 - Total: 5
[2025-07-23 19:13:31] Ejecutivo ID: 2 - Citas propias: 6 - Citas hijos: 5 - Total: 11
[2025-07-23 19:13:31] Ejecutivo ID: 14 - Citas propias: 4 - Citas hijos: 0 - Total: 4
[2025-07-23 19:13:31] Ejecutivo ID: 21 - Citas propias: 5 - Citas hijos: 0 - Total: 5
[2025-07-23 19:13:31] Ejecutivo ID: 20 - Citas propias: 5 - Citas hijos: 0 - Total: 5
[2025-07-23 19:13:31] Ejecutivo ID: 13 - Citas propias: 4 - Citas hijos: 0 - Total: 4
[2025-07-23 19:13:31] Ejecutivo ID: 1 - Citas propias: 0 - Citas hijos: 0 - Total: 0
[2025-07-23 19:13:31] Ejecutivos con citas encontrados: 15
[2025-07-23 19:13:35] REQUEST recibido: Array
(
    [action] => obtener_planteles
)

[2025-07-23 19:13:35] Query planteles: SELECT id_pla, nom_pla, fec_pla FROM plantel ORDER BY nom_pla ASC
[2025-07-23 19:13:35] Planteles encontrados: 3
[2025-07-23 19:13:35] REQUEST recibido: Array
(
    [action] => obtener_citas_totales_por_plantel
    [id_pla] => 6
)

[2025-07-23 19:13:35] REQUEST recibido: Array
(
    [action] => obtener_citas_totales_por_plantel
    [id_pla] => 3
)

[2025-07-23 19:13:35] REQUEST recibido: Array
(
    [action] => obtener_citas_totales_por_plantel
    [id_pla] => 2
)

[2025-07-23 19:13:35] REQUEST recibido: Array
(
    [action] => obtener_ejecutivos_con_citas
)

[2025-07-23 19:13:35] Query ejecutivos con citas: SELECT e.id_eje, e.nom_eje, e.tel_eje, e.eli_eje, e.id_padre, e.id_pla, e.ult_eje,
					         p.nom_pla as plantel_principal,
					         COUNT(DISTINCT c.id_cit) as citas_propias,
					         GROUP_CONCAT(DISTINCT CONCAT(pa.id_pla, ':', pa.nom_pla) SEPARATOR '|') as planteles_asociados,
					         COUNT(DISTINCT pe.id_pla) as total_planteles_asociados,
					         CASE 
					             WHEN e.ult_eje IS NULL THEN 'sin_sesion'
					             WHEN TIMESTAMPDIFF(DAY, e.ult_eje, NOW()) <= 1 THEN 'verde'
					             WHEN TIMESTAMPDIFF(DAY, e.ult_eje, NOW()) BETWEEN 2 AND 3 THEN 'amarillo'
					             WHEN TIMESTAMPDIFF(DAY, e.ult_eje, NOW()) >= 4 THEN 'rojo'
					             ELSE 'sin_sesion'
					         END as semaforo_sesion,
					         TIMESTAMPDIFF(DAY, e.ult_eje, NOW()) as dias_desde_ultima_sesion
					  FROM ejecutivo e 
					  LEFT JOIN plantel p ON e.id_pla = p.id_pla 
					  LEFT JOIN cita c ON e.id_eje = c.id_eje2 AND c.eli_cit = 1 
					  LEFT JOIN planteles_ejecutivo pe ON e.id_eje = pe.id_eje
					  LEFT JOIN plantel pa ON pe.id_pla = pa.id_pla
					  GROUP BY e.id_eje, e.nom_eje, e.tel_eje, e.eli_eje, e.id_padre, e.id_pla, e.ult_eje, p.nom_pla
					  ORDER BY e.eli_eje DESC, e.nom_eje ASC
[2025-07-23 19:13:35] Ejecutivo ID: 9 - Citas propias: 3 - Citas hijos: 0 - Total: 3
[2025-07-23 19:13:35] Ejecutivo ID: 11 - Citas propias: 7 - Citas hijos: 0 - Total: 7
[2025-07-23 19:13:35] Ejecutivo ID: 16 - Citas propias: 6 - Citas hijos: 7 - Total: 13
[2025-07-23 19:13:35] Ejecutivo ID: 11 - Citas propias: 7 - Citas hijos: 0 - Total: 7
[2025-07-23 19:13:35] Ejecutivo ID: 12 - Citas propias: 5 - Citas hijos: 0 - Total: 5
[2025-07-23 19:13:35] Ejecutivo ID: 6 - Citas propias: 2 - Citas hijos: 0 - Total: 2
[2025-07-23 19:13:35] Ejecutivo ID: 15 - Citas propias: 5 - Citas hijos: 2 - Total: 7
[2025-07-23 19:13:35] Ejecutivo ID: 18 - Citas propias: 5 - Citas hijos: 0 - Total: 5
[2025-07-23 19:13:35] Ejecutivo ID: 6 - Citas propias: 2 - Citas hijos: 0 - Total: 2
[2025-07-23 19:13:35] Ejecutivo ID: 4 - Citas propias: 4 - Citas hijos: 0 - Total: 4
[2025-07-23 19:13:35] Ejecutivo ID: 4 - Citas propias: 4 - Citas hijos: 0 - Total: 4
[2025-07-23 19:13:35] Ejecutivo ID: 10 - Citas propias: 3 - Citas hijos: 4 - Total: 7
[2025-07-23 19:13:35] Ejecutivo ID: 21 - Citas propias: 5 - Citas hijos: 0 - Total: 5
[2025-07-23 19:13:35] Ejecutivo ID: 2 - Citas propias: 6 - Citas hijos: 5 - Total: 11
[2025-07-23 19:13:35] Ejecutivo ID: 14 - Citas propias: 4 - Citas hijos: 0 - Total: 4
[2025-07-23 19:13:35] Ejecutivo ID: 21 - Citas propias: 5 - Citas hijos: 0 - Total: 5
[2025-07-23 19:13:35] Ejecutivo ID: 20 - Citas propias: 5 - Citas hijos: 0 - Total: 5
[2025-07-23 19:13:35] Ejecutivo ID: 13 - Citas propias: 4 - Citas hijos: 0 - Total: 4
[2025-07-23 19:13:35] Ejecutivo ID: 1 - Citas propias: 0 - Citas hijos: 0 - Total: 0
[2025-07-23 19:13:35] Ejecutivos con citas encontrados: 15
[2025-07-23 19:13:35] REQUEST recibido: Array
(
    [action] => obtener_citas_totales_por_plantel
    [id_pla] => 2
)

[2025-07-23 19:13:40] REQUEST recibido: Array
(
    [action] => mover_ejecutivo
    [id_eje] => 14
    [id_padre] => 
    [id_pla] => 3
)

[2025-07-23 19:13:40] ==============================================
[2025-07-23 19:13:40] MOVER EJECUTIVO - REQUEST RECIBIDO
[2025-07-23 19:13:40] POST data completo: Array
(
    [action] => mover_ejecutivo
    [id_eje] => 14
    [id_padre] => 
    [id_pla] => 3
)

[2025-07-23 19:13:40] Valores procesados:
[2025-07-23 19:13:40] - ID Ejecutivo: 14
[2025-07-23 19:13:40] - ID Padre: NULL
[2025-07-23 19:13:40] - ID Plantel: 3
[2025-07-23 19:13:40] ANTES - Ejecutivo: Pablo Jimenez, Padre anterior: , Plantel anterior: 6
[2025-07-23 19:13:40] NUEVO PLANTEL: Plantel Ecatepec (ID: 3)
[2025-07-23 19:13:40] QUERY MOVER: UPDATE ejecutivo SET id_padre = NULL, id_pla = '3' WHERE id_eje = '14'
[2025-07-23 19:13:40] VERIFICACIÓN - Nuevo padre: , Nuevo plantel: 3
[2025-07-23 19:13:40] WebSocket cambio plantel enviado
[2025-07-23 19:13:40] EJECUTIVO MOVIDO EXITOSAMENTE
[2025-07-23 19:13:40] RESPUESTA ENVIADA: SUCCESS
[2025-07-23 19:13:40] ==============================================
[2025-07-23 19:13:40] REQUEST recibido: Array
(
    [action] => obtener_citas_totales_por_plantel
    [id_pla] => 2
)

[2025-07-23 19:13:40] REQUEST recibido: Array
(
    [action] => obtener_citas_totales_por_plantel
    [id_pla] => 3
)

[2025-07-23 19:13:42] REQUEST recibido: Array
(
    [action] => mover_ejecutivo
    [id_eje] => 10
    [id_padre] => 
    [id_pla] => 3
)

[2025-07-23 19:13:42] ==============================================
[2025-07-23 19:13:42] MOVER EJECUTIVO - REQUEST RECIBIDO
[2025-07-23 19:13:42] POST data completo: Array
(
    [action] => mover_ejecutivo
    [id_eje] => 10
    [id_padre] => 
    [id_pla] => 3
)

[2025-07-23 19:13:42] Valores procesados:
[2025-07-23 19:13:42] - ID Ejecutivo: 10
[2025-07-23 19:13:42] - ID Padre: NULL
[2025-07-23 19:13:42] - ID Plantel: 3
[2025-07-23 19:13:42] ANTES - Ejecutivo: Luis Rodriguez, Padre anterior: , Plantel anterior: 6
[2025-07-23 19:13:42] NUEVO PLANTEL: Plantel Ecatepec (ID: 3)
[2025-07-23 19:13:42] QUERY MOVER: UPDATE ejecutivo SET id_padre = NULL, id_pla = '3' WHERE id_eje = '10'
[2025-07-23 19:13:42] VERIFICACIÓN - Nuevo padre: , Nuevo plantel: 3
[2025-07-23 19:13:42] WebSocket cambio plantel enviado
[2025-07-23 19:13:42] EJECUTIVO MOVIDO EXITOSAMENTE
[2025-07-23 19:13:42] RESPUESTA ENVIADA: SUCCESS
[2025-07-23 19:13:42] ==============================================
[2025-07-23 19:13:42] REQUEST recibido: Array
(
    [action] => obtener_citas_totales_por_plantel
    [id_pla] => 3
)

[2025-07-23 19:13:42] REQUEST recibido: Array
(
    [action] => obtener_citas_totales_por_plantel
    [id_pla] => 2
)

[2025-07-23 19:13:44] REQUEST recibido: Array
(
    [action] => mover_ejecutivo
    [id_eje] => 18
    [id_padre] => 
    [id_pla] => 3
)

[2025-07-23 19:13:44] ==============================================
[2025-07-23 19:13:44] MOVER EJECUTIVO - REQUEST RECIBIDO
[2025-07-23 19:13:44] POST data completo: Array
(
    [action] => mover_ejecutivo
    [id_eje] => 18
    [id_padre] => 
    [id_pla] => 3
)

[2025-07-23 19:13:44] Valores procesados:
[2025-07-23 19:13:44] - ID Ejecutivo: 18
[2025-07-23 19:13:44] - ID Padre: NULL
[2025-07-23 19:13:44] - ID Plantel: 3
[2025-07-23 19:13:44] ANTES - Ejecutivo: Eric Valenzuela, Padre anterior: , Plantel anterior: 6
[2025-07-23 19:13:44] NUEVO PLANTEL: Plantel Ecatepec (ID: 3)
[2025-07-23 19:13:44] QUERY MOVER: UPDATE ejecutivo SET id_padre = NULL, id_pla = '3' WHERE id_eje = '18'
[2025-07-23 19:13:44] VERIFICACIÓN - Nuevo padre: , Nuevo plantel: 3
[2025-07-23 19:13:44] WebSocket cambio plantel enviado
[2025-07-23 19:13:44] EJECUTIVO MOVIDO EXITOSAMENTE
[2025-07-23 19:13:44] RESPUESTA ENVIADA: SUCCESS
[2025-07-23 19:13:44] ==============================================
[2025-07-23 19:13:44] REQUEST recibido: Array
(
    [action] => obtener_citas_totales_por_plantel
    [id_pla] => 6
)

[2025-07-23 19:15:41] REQUEST recibido: Array
(
    [action] => obtener_ejecutivos_con_citas
)

[2025-07-23 19:15:41] Query ejecutivos con citas: SELECT e.id_eje, e.nom_eje, e.tel_eje, e.eli_eje, e.id_padre, e.id_pla, e.ult_eje,
					         p.nom_pla as plantel_principal,
					         COUNT(DISTINCT c.id_cit) as citas_propias,
					         GROUP_CONCAT(DISTINCT CONCAT(pa.id_pla, ':', pa.nom_pla) SEPARATOR '|') as planteles_asociados,
					         COUNT(DISTINCT pe.id_pla) as total_planteles_asociados,
					         CASE 
					             WHEN e.ult_eje IS NULL THEN 'sin_sesion'
					             WHEN TIMESTAMPDIFF(DAY, e.ult_eje, NOW()) <= 1 THEN 'verde'
					             WHEN TIMESTAMPDIFF(DAY, e.ult_eje, NOW()) BETWEEN 2 AND 3 THEN 'amarillo'
					             WHEN TIMESTAMPDIFF(DAY, e.ult_eje, NOW()) >= 4 THEN 'rojo'
					             ELSE 'sin_sesion'
					         END as semaforo_sesion,
					         TIMESTAMPDIFF(DAY, e.ult_eje, NOW()) as dias_desde_ultima_sesion
					  FROM ejecutivo e 
					  LEFT JOIN plantel p ON e.id_pla = p.id_pla 
					  LEFT JOIN cita c ON e.id_eje = c.id_eje2 AND c.eli_cit = 1 
					  LEFT JOIN planteles_ejecutivo pe ON e.id_eje = pe.id_eje
					  LEFT JOIN plantel pa ON pe.id_pla = pa.id_pla
					  GROUP BY e.id_eje, e.nom_eje, e.tel_eje, e.eli_eje, e.id_padre, e.id_pla, e.ult_eje, p.nom_pla
					  ORDER BY e.eli_eje DESC, e.nom_eje ASC
[2025-07-23 19:15:41] Ejecutivo ID: 9 - Citas propias: 3 - Citas hijos: 0 - Total: 3
[2025-07-23 19:15:41] Ejecutivo ID: 11 - Citas propias: 7 - Citas hijos: 0 - Total: 7
[2025-07-23 19:15:41] Ejecutivo ID: 16 - Citas propias: 6 - Citas hijos: 7 - Total: 13
[2025-07-23 19:15:41] Ejecutivo ID: 11 - Citas propias: 7 - Citas hijos: 0 - Total: 7
[2025-07-23 19:15:41] Ejecutivo ID: 12 - Citas propias: 5 - Citas hijos: 0 - Total: 5
[2025-07-23 19:15:41] Ejecutivo ID: 6 - Citas propias: 2 - Citas hijos: 0 - Total: 2
[2025-07-23 19:15:41] Ejecutivo ID: 15 - Citas propias: 5 - Citas hijos: 2 - Total: 7
[2025-07-23 19:15:41] Ejecutivo ID: 18 - Citas propias: 5 - Citas hijos: 0 - Total: 5
[2025-07-23 19:15:41] Ejecutivo ID: 6 - Citas propias: 2 - Citas hijos: 0 - Total: 2
[2025-07-23 19:15:41] Ejecutivo ID: 4 - Citas propias: 4 - Citas hijos: 0 - Total: 4
[2025-07-23 19:15:41] Ejecutivo ID: 4 - Citas propias: 4 - Citas hijos: 0 - Total: 4
[2025-07-23 19:15:41] Ejecutivo ID: 10 - Citas propias: 3 - Citas hijos: 4 - Total: 7
[2025-07-23 19:15:41] Ejecutivo ID: 21 - Citas propias: 5 - Citas hijos: 0 - Total: 5
[2025-07-23 19:15:41] Ejecutivo ID: 2 - Citas propias: 6 - Citas hijos: 5 - Total: 11
[2025-07-23 19:15:41] Ejecutivo ID: 14 - Citas propias: 4 - Citas hijos: 0 - Total: 4
[2025-07-23 19:15:41] Ejecutivo ID: 21 - Citas propias: 5 - Citas hijos: 0 - Total: 5
[2025-07-23 19:15:41] Ejecutivo ID: 20 - Citas propias: 5 - Citas hijos: 0 - Total: 5
[2025-07-23 19:15:41] Ejecutivo ID: 13 - Citas propias: 4 - Citas hijos: 0 - Total: 4
[2025-07-23 19:15:41] Ejecutivo ID: 1 - Citas propias: 0 - Citas hijos: 0 - Total: 0
[2025-07-23 19:15:41] Ejecutivos con citas encontrados: 15
[2025-07-23 19:15:55] REQUEST recibido: Array
(
    [action] => actualizar_ejecutivo
    [nom_eje] => Fatima Nava
    [tel_eje] => 555-111
    [id_padre] => 15
    [eli_eje] => 1
    [id_eje] => 6
)

[2025-07-23 19:15:56] REQUEST recibido: Array
(
    [action] => obtener_ejecutivos_con_citas
)

[2025-07-23 19:15:56] Query ejecutivos con citas: SELECT e.id_eje, e.nom_eje, e.tel_eje, e.eli_eje, e.id_padre, e.id_pla, e.ult_eje,
					         p.nom_pla as plantel_principal,
					         COUNT(DISTINCT c.id_cit) as citas_propias,
					         GROUP_CONCAT(DISTINCT CONCAT(pa.id_pla, ':', pa.nom_pla) SEPARATOR '|') as planteles_asociados,
					         COUNT(DISTINCT pe.id_pla) as total_planteles_asociados,
					         CASE 
					             WHEN e.ult_eje IS NULL THEN 'sin_sesion'
					             WHEN TIMESTAMPDIFF(DAY, e.ult_eje, NOW()) <= 1 THEN 'verde'
					             WHEN TIMESTAMPDIFF(DAY, e.ult_eje, NOW()) BETWEEN 2 AND 3 THEN 'amarillo'
					             WHEN TIMESTAMPDIFF(DAY, e.ult_eje, NOW()) >= 4 THEN 'rojo'
					             ELSE 'sin_sesion'
					         END as semaforo_sesion,
					         TIMESTAMPDIFF(DAY, e.ult_eje, NOW()) as dias_desde_ultima_sesion
					  FROM ejecutivo e 
					  LEFT JOIN plantel p ON e.id_pla = p.id_pla 
					  LEFT JOIN cita c ON e.id_eje = c.id_eje2 AND c.eli_cit = 1 
					  LEFT JOIN planteles_ejecutivo pe ON e.id_eje = pe.id_eje
					  LEFT JOIN plantel pa ON pe.id_pla = pa.id_pla
					  GROUP BY e.id_eje, e.nom_eje, e.tel_eje, e.eli_eje, e.id_padre, e.id_pla, e.ult_eje, p.nom_pla
					  ORDER BY e.eli_eje DESC, e.nom_eje ASC
[2025-07-23 19:15:56] Ejecutivo ID: 9 - Citas propias: 3 - Citas hijos: 0 - Total: 3
[2025-07-23 19:15:56] Ejecutivo ID: 11 - Citas propias: 7 - Citas hijos: 0 - Total: 7
[2025-07-23 19:15:56] Ejecutivo ID: 16 - Citas propias: 6 - Citas hijos: 7 - Total: 13
[2025-07-23 19:15:56] Ejecutivo ID: 11 - Citas propias: 7 - Citas hijos: 0 - Total: 7
[2025-07-23 19:15:56] Ejecutivo ID: 12 - Citas propias: 5 - Citas hijos: 0 - Total: 5
[2025-07-23 19:15:56] Ejecutivo ID: 6 - Citas propias: 2 - Citas hijos: 0 - Total: 2
[2025-07-23 19:15:56] Ejecutivo ID: 15 - Citas propias: 5 - Citas hijos: 2 - Total: 7
[2025-07-23 19:15:56] Ejecutivo ID: 18 - Citas propias: 5 - Citas hijos: 0 - Total: 5
[2025-07-23 19:15:56] Ejecutivo ID: 6 - Citas propias: 2 - Citas hijos: 0 - Total: 2
[2025-07-23 19:15:56] Ejecutivo ID: 4 - Citas propias: 4 - Citas hijos: 0 - Total: 4
[2025-07-23 19:15:56] Ejecutivo ID: 4 - Citas propias: 4 - Citas hijos: 0 - Total: 4
[2025-07-23 19:15:56] Ejecutivo ID: 10 - Citas propias: 3 - Citas hijos: 4 - Total: 7
[2025-07-23 19:15:56] Ejecutivo ID: 21 - Citas propias: 5 - Citas hijos: 0 - Total: 5
[2025-07-23 19:15:56] Ejecutivo ID: 2 - Citas propias: 6 - Citas hijos: 5 - Total: 11
[2025-07-23 19:15:56] Ejecutivo ID: 14 - Citas propias: 4 - Citas hijos: 0 - Total: 4
[2025-07-23 19:15:56] Ejecutivo ID: 21 - Citas propias: 5 - Citas hijos: 0 - Total: 5
[2025-07-23 19:15:56] Ejecutivo ID: 20 - Citas propias: 5 - Citas hijos: 0 - Total: 5
[2025-07-23 19:15:56] Ejecutivo ID: 13 - Citas propias: 4 - Citas hijos: 0 - Total: 4
[2025-07-23 19:15:56] Ejecutivo ID: 1 - Citas propias: 0 - Citas hijos: 0 - Total: 0
[2025-07-23 19:15:56] Ejecutivos con citas encontrados: 15
[2025-07-23 19:16:05] REQUEST recibido: Array
(
    [action] => obtener_planteles
)

[2025-07-23 19:16:05] Query planteles: SELECT id_pla, nom_pla, fec_pla FROM plantel ORDER BY nom_pla ASC
[2025-07-23 19:16:05] Planteles encontrados: 3
[2025-07-23 19:16:05] REQUEST recibido: Array
(
    [action] => obtener_citas_totales_por_plantel
    [id_pla] => 6
)

[2025-07-23 19:16:05] REQUEST recibido: Array
(
    [action] => obtener_citas_totales_por_plantel
    [id_pla] => 3
)

[2025-07-23 19:16:05] REQUEST recibido: Array
(
    [action] => obtener_citas_totales_por_plantel
    [id_pla] => 2
)

[2025-07-23 19:16:05] REQUEST recibido: Array
(
    [action] => obtener_ejecutivos_con_citas
)

[2025-07-23 19:16:05] Query ejecutivos con citas: SELECT e.id_eje, e.nom_eje, e.tel_eje, e.eli_eje, e.id_padre, e.id_pla, e.ult_eje,
					         p.nom_pla as plantel_principal,
					         COUNT(DISTINCT c.id_cit) as citas_propias,
					         GROUP_CONCAT(DISTINCT CONCAT(pa.id_pla, ':', pa.nom_pla) SEPARATOR '|') as planteles_asociados,
					         COUNT(DISTINCT pe.id_pla) as total_planteles_asociados,
					         CASE 
					             WHEN e.ult_eje IS NULL THEN 'sin_sesion'
					             WHEN TIMESTAMPDIFF(DAY, e.ult_eje, NOW()) <= 1 THEN 'verde'
					             WHEN TIMESTAMPDIFF(DAY, e.ult_eje, NOW()) BETWEEN 2 AND 3 THEN 'amarillo'
					             WHEN TIMESTAMPDIFF(DAY, e.ult_eje, NOW()) >= 4 THEN 'rojo'
					             ELSE 'sin_sesion'
					         END as semaforo_sesion,
					         TIMESTAMPDIFF(DAY, e.ult_eje, NOW()) as dias_desde_ultima_sesion
					  FROM ejecutivo e 
					  LEFT JOIN plantel p ON e.id_pla = p.id_pla 
					  LEFT JOIN cita c ON e.id_eje = c.id_eje2 AND c.eli_cit = 1 
					  LEFT JOIN planteles_ejecutivo pe ON e.id_eje = pe.id_eje
					  LEFT JOIN plantel pa ON pe.id_pla = pa.id_pla
					  GROUP BY e.id_eje, e.nom_eje, e.tel_eje, e.eli_eje, e.id_padre, e.id_pla, e.ult_eje, p.nom_pla
					  ORDER BY e.eli_eje DESC, e.nom_eje ASC
[2025-07-23 19:16:05] Ejecutivo ID: 9 - Citas propias: 3 - Citas hijos: 0 - Total: 3
[2025-07-23 19:16:05] Ejecutivo ID: 11 - Citas propias: 7 - Citas hijos: 0 - Total: 7
[2025-07-23 19:16:05] Ejecutivo ID: 16 - Citas propias: 6 - Citas hijos: 7 - Total: 13
[2025-07-23 19:16:05] Ejecutivo ID: 11 - Citas propias: 7 - Citas hijos: 0 - Total: 7
[2025-07-23 19:16:05] Ejecutivo ID: 12 - Citas propias: 5 - Citas hijos: 0 - Total: 5
[2025-07-23 19:16:05] Ejecutivo ID: 6 - Citas propias: 2 - Citas hijos: 0 - Total: 2
[2025-07-23 19:16:05] Ejecutivo ID: 15 - Citas propias: 5 - Citas hijos: 2 - Total: 7
[2025-07-23 19:16:05] Ejecutivo ID: 18 - Citas propias: 5 - Citas hijos: 0 - Total: 5
[2025-07-23 19:16:05] Ejecutivo ID: 6 - Citas propias: 2 - Citas hijos: 0 - Total: 2
[2025-07-23 19:16:05] Ejecutivo ID: 4 - Citas propias: 4 - Citas hijos: 0 - Total: 4
[2025-07-23 19:16:05] Ejecutivo ID: 4 - Citas propias: 4 - Citas hijos: 0 - Total: 4
[2025-07-23 19:16:05] Ejecutivo ID: 10 - Citas propias: 3 - Citas hijos: 4 - Total: 7
[2025-07-23 19:16:05] Ejecutivo ID: 21 - Citas propias: 5 - Citas hijos: 0 - Total: 5
[2025-07-23 19:16:05] Ejecutivo ID: 2 - Citas propias: 6 - Citas hijos: 5 - Total: 11
[2025-07-23 19:16:05] Ejecutivo ID: 14 - Citas propias: 4 - Citas hijos: 0 - Total: 4
[2025-07-23 19:16:05] Ejecutivo ID: 21 - Citas propias: 5 - Citas hijos: 0 - Total: 5
[2025-07-23 19:16:05] Ejecutivo ID: 20 - Citas propias: 5 - Citas hijos: 0 - Total: 5
[2025-07-23 19:16:05] Ejecutivo ID: 13 - Citas propias: 4 - Citas hijos: 0 - Total: 4
[2025-07-23 19:16:05] Ejecutivo ID: 1 - Citas propias: 0 - Citas hijos: 0 - Total: 0
[2025-07-23 19:16:05] Ejecutivos con citas encontrados: 15
[2025-07-23 19:16:05] REQUEST recibido: Array
(
    [action] => obtener_citas_totales_por_plantel
    [id_pla] => 6
)

[2025-07-23 19:16:05] REQUEST recibido: Array
(
    [action] => obtener_citas_totales_por_plantel
    [id_pla] => 2
)

